<html>
<head>
<title>TestNG:  Full Regression Tests</title>
<link href="../testng.css" rel="stylesheet" type="text/css" />
<link href="../my-testng.css" rel="stylesheet" type="text/css" />

<style type="text/css">
.log { display: none;} 
.stack-trace { display: none;} 
</style>
<script type="text/javascript">
<!--
function flip(e) {
  current = e.style.display;
  if (current == 'block') {
    e.style.display = 'none';
    return 0;
  }
  else {
    e.style.display = 'block';
    return 1;
  }
}

function toggleBox(szDivId, elem, msg1, msg2)
{
  var res = -1;  if (document.getElementById) {
    res = flip(document.getElementById(szDivId));
  }
  else if (document.all) {
    // this is the way old msie versions work
    res = flip(document.all[szDivId]);
  }
  if(elem) {
    if(res == 0) elem.innerHTML = msg1; else elem.innerHTML = msg2;
  }

}

function toggleAllBoxes() {
  if (document.getElementsByTagName) {
    d = document.getElementsByTagName('div');
    for (i = 0; i < d.length; i++) {
      if (d[i].className == 'log') {
        flip(d[i]);
      }
    }
  }
}

// -->
</script>

</head>
<body>
<h2 align='center'>Full Regression Tests</h2><table border='1' align="center">
<tr>
<td>Tests passed/Failed/Skipped:</td><td>26/0/3</td>
</tr><tr>
<td>Started on:</td><td>Mon Jun 02 13:02:24 WIB 2025</td>
</tr>
<tr><td>Total time:</td><td>914 seconds (914326 ms)</td>
</tr><tr>
<td>Included groups:</td><td></td>
</tr><tr>
<td>Excluded groups:</td><td></td>
</tr>
</table><p/>
<small><i>(Hover the method name to see the test class name)</i></small><p/>
<table width='100%' border='1' class='invocation-failed'>
<tr><td colspan='4' align='center'><b>FAILED CONFIGURATIONS</b></td></tr>
<tr><td><b>Test method</b></td>
<td><b>Attribute(s)</b></td>
<td width="30%"><b>Exception</b></td>
<td width="10%"><b>Time (seconds)</b></td>
<td><b>Instance</b></td>
</tr>
<tr>
<td title='com.elektronicare.tests.LoginTest.setupLoginTest()'><b>setupLoginTest</b><br>Test class: com.elektronicare.tests.LoginTest</td>
<td><div><pre>java.lang.RuntimeException: LoginTest setup failed: Login page not ready for testing
	at com.elektronicare.tests.LoginTest.setupLoginTest(LoginTest.java:93)
	at java.base/java.util.ArrayList.forEach(ArrayList.java:1511)
... Removed 35 stack frames</pre></div><a href='#' onClick='toggleBox("stack-trace1614785197", this, "Click to show all stack frames", "Click to hide stack frames")'>Click to show all stack frames</a>
<div class='stack-trace' id='stack-trace1614785197'><pre>java.lang.RuntimeException: LoginTest setup failed: Login page not ready for testing
	at com.elektronicare.tests.LoginTest.setupLoginTest(LoginTest.java:93)
	at java.base/jdk.internal.reflect.NativeMethodAccessorImpl.invoke0(Native Method)
	at java.base/jdk.internal.reflect.NativeMethodAccessorImpl.invoke(NativeMethodAccessorImpl.java:77)
	at java.base/jdk.internal.reflect.DelegatingMethodAccessorImpl.invoke(DelegatingMethodAccessorImpl.java:43)
	at java.base/java.lang.reflect.Method.invoke(Method.java:569)
	at org.testng.internal.invokers.MethodInvocationHelper.invokeMethod(MethodInvocationHelper.java:141)
	at org.testng.internal.invokers.MethodInvocationHelper.invokeMethodConsideringTimeout(MethodInvocationHelper.java:71)
	at org.testng.internal.invokers.ConfigInvoker.invokeConfigurationMethod(ConfigInvoker.java:400)
	at org.testng.internal.invokers.ConfigInvoker.invokeConfigurations(ConfigInvoker.java:333)
	at org.testng.internal.invokers.TestInvoker.runConfigMethods(TestInvoker.java:833)
	at org.testng.internal.invokers.TestInvoker.invokeMethod(TestInvoker.java:600)
	at org.testng.internal.invokers.TestInvoker.invokeTestMethod(TestInvoker.java:230)
	at org.testng.internal.invokers.MethodRunner.runInSequence(MethodRunner.java:63)
	at org.testng.internal.invokers.TestInvoker$MethodInvocationAgent.invoke(TestInvoker.java:992)
	at org.testng.internal.invokers.TestInvoker.invokeTestMethods(TestInvoker.java:203)
	at org.testng.internal.invokers.TestMethodWorker.invokeTestMethods(TestMethodWorker.java:154)
	at org.testng.internal.invokers.TestMethodWorker.run(TestMethodWorker.java:134)
	at java.base/java.util.ArrayList.forEach(ArrayList.java:1511)
	at org.testng.TestRunner.privateRun(TestRunner.java:739)
	at org.testng.TestRunner.run(TestRunner.java:614)
	at org.testng.SuiteRunner.runTest(SuiteRunner.java:421)
	at org.testng.SuiteRunner.runSequentially(SuiteRunner.java:413)
	at org.testng.SuiteRunner.privateRun(SuiteRunner.java:373)
	at org.testng.SuiteRunner.run(SuiteRunner.java:312)
	at org.testng.SuiteRunnerWorker.runSuite(SuiteRunnerWorker.java:52)
	at org.testng.SuiteRunnerWorker.run(SuiteRunnerWorker.java:95)
	at org.testng.TestNG.runSuitesSequentially(TestNG.java:1274)
	at org.testng.TestNG.runSuitesLocally(TestNG.java:1208)
	at org.testng.TestNG.runSuites(TestNG.java:1112)
	at org.testng.TestNG.run(TestNG.java:1079)
	at org.apache.maven.surefire.testng.TestNGExecutor.run(TestNGExecutor.java:308)
	at org.apache.maven.surefire.testng.TestNGXmlTestSuite.execute(TestNGXmlTestSuite.java:71)
	at org.apache.maven.surefire.testng.TestNGProvider.invoke(TestNGProvider.java:113)
	at org.apache.maven.surefire.booter.ForkedBooter.runSuitesInProcess(ForkedBooter.java:385)
	at org.apache.maven.surefire.booter.ForkedBooter.execute(ForkedBooter.java:162)
	at org.apache.maven.surefire.booter.ForkedBooter.run(ForkedBooter.java:507)
	at org.apache.maven.surefire.booter.ForkedBooter.main(ForkedBooter.java:495)
</pre></div></td>
<td>216</td>
<td>com.elektronicare.tests.LoginTest@f6efaab</td></tr>
</table><p>
<table width='100%' border='1' class='invocation-skipped'>
<tr><td colspan='4' align='center'><b>SKIPPED CONFIGURATIONS</b></td></tr>
<tr><td><b>Test method</b></td>
<td><b>Attribute(s)</b></td>
<td width="30%"><b>Exception</b></td>
<td width="10%"><b>Time (seconds)</b></td>
<td><b>Instance</b></td>
</tr>
<tr>
<td title='com.elektronicare.tests.LoginTest.setupLoginTest()'><b>setupLoginTest</b><br>Test class: com.elektronicare.tests.LoginTest</td>
<td></td>
<td>0</td>
<td>com.elektronicare.tests.LoginTest@f6efaab</td></tr>
<tr>
<td title='com.elektronicare.tests.LoginTest.afterMethod()'><b>afterMethod</b><br>Test class: com.elektronicare.tests.LoginTest</td>
<td></td>
<td>0</td>
<td>com.elektronicare.tests.LoginTest@f6efaab</td></tr>
<tr>
<td title='com.elektronicare.tests.LoginTest.setupLoginTest()'><b>setupLoginTest</b><br>Test class: com.elektronicare.tests.LoginTest</td>
<td></td>
<td>0</td>
<td>com.elektronicare.tests.LoginTest@f6efaab</td></tr>
<tr>
<td title='com.elektronicare.tests.LoginTest.afterMethod()'><b>afterMethod</b><br>Test class: com.elektronicare.tests.LoginTest</td>
<td></td>
<td>0</td>
<td>com.elektronicare.tests.LoginTest@f6efaab</td></tr>
<tr>
<td title='com.elektronicare.tests.LoginTest.afterMethod()'><b>afterMethod</b><br>Test class: com.elektronicare.tests.LoginTest</td>
<td></td>
<td>0</td>
<td>com.elektronicare.tests.LoginTest@f6efaab</td></tr>
<tr>
<td title='com.elektronicare.tests.LoginTest.beforeMethod()'><b>beforeMethod</b><br>Test class: com.elektronicare.tests.LoginTest</td>
<td></td>
<td>0</td>
<td>com.elektronicare.tests.LoginTest@f6efaab</td></tr>
<tr>
<td title='com.elektronicare.tests.LoginTest.beforeMethod()'><b>beforeMethod</b><br>Test class: com.elektronicare.tests.LoginTest</td>
<td></td>
<td>0</td>
<td>com.elektronicare.tests.LoginTest@f6efaab</td></tr>
</table><p>
<table width='100%' border='1' class='invocation-passed'>
<tr><td colspan='4' align='center'><b>PASSED TESTS</b></td></tr>
<tr><td><b>Test method</b></td>
<td><b>Attribute(s)</b></td>
<td width="30%"><b>Exception</b></td>
<td width="10%"><b>Time (seconds)</b></td>
<td><b>Instance</b></td>
</tr>
<tr>
<td title='com.elektronicare.tests.RegisterTest.testRegisterPageDisplay()'><b>testRegisterPageDisplay</b><br>Test class: com.elektronicare.tests.RegisterTest</td>
<td></td>
<td>12</td>
<td>com.elektronicare.tests.RegisterTest@74f0ea28</td></tr>
<tr>
<td title='com.elektronicare.tests.RegisterTest.testRegisterValidation()'><b>testRegisterValidation</b><br>Test class: com.elektronicare.tests.RegisterTest</td>
<td></td>
<td>12</td>
<td>com.elektronicare.tests.RegisterTest@74f0ea28</td></tr>
<tr>
<td title='com.elektronicare.tests.HistoryTest.testHistoryDataValidation()'><b>testHistoryDataValidation</b><br>Test class: com.elektronicare.tests.HistoryTest<br>Test method: Test history data validation</td>
<td></td>
<td>6</td>
<td>com.elektronicare.tests.HistoryTest@3349e9bb</td></tr>
<tr>
<td title='com.elektronicare.tests.WelcomeTest.testWelcomePageElements()'><b>testWelcomePageElements</b><br>Test class: com.elektronicare.tests.WelcomeTest</td>
<td></td>
<td>3</td>
<td>com.elektronicare.tests.WelcomeTest@1283bb96</td></tr>
<tr>
<td title='com.elektronicare.tests.WelcomeTest.testWelcomePageBranding()'><b>testWelcomePageBranding</b><br>Test class: com.elektronicare.tests.WelcomeTest</td>
<td></td>
<td>3</td>
<td>com.elektronicare.tests.WelcomeTest@1283bb96</td></tr>
<tr>
<td title='com.elektronicare.tests.RegisterTest.testPhoneNumberFormatting()'><b>testPhoneNumberFormatting</b><br>Test class: com.elektronicare.tests.RegisterTest</td>
<td></td>
<td>6</td>
<td>com.elektronicare.tests.RegisterTest@74f0ea28</td></tr>
<tr>
<td title='com.elektronicare.tests.RegisterTest.testShortPasswordValidation()'><b>testShortPasswordValidation</b><br>Test class: com.elektronicare.tests.RegisterTest</td>
<td></td>
<td>13</td>
<td>com.elektronicare.tests.RegisterTest@74f0ea28</td></tr>
<tr>
<td title='com.elektronicare.tests.RegisterTest.testValidRegistration()'><b>testValidRegistration</b><br>Test class: com.elektronicare.tests.RegisterTest</td>
<td></td>
<td>19</td>
<td>com.elektronicare.tests.RegisterTest@74f0ea28</td></tr>
<tr>
<td title='com.elektronicare.tests.OnboardingTest.testOnboardingComplete()'><b>testOnboardingComplete</b><br>Test class: com.elektronicare.tests.OnboardingTest</td>
<td></td>
<td>3</td>
<td>com.elektronicare.tests.OnboardingTest@2b662a77</td></tr>
<tr>
<td title='com.elektronicare.tests.RegisterTest.testGoogleSignInButton()'><b>testGoogleSignInButton</b><br>Test class: com.elektronicare.tests.RegisterTest</td>
<td></td>
<td>5</td>
<td>com.elektronicare.tests.RegisterTest@74f0ea28</td></tr>
<tr>
<td title='com.elektronicare.tests.RegisterTest.testInvalidEmailValidation()'><b>testInvalidEmailValidation</b><br>Test class: com.elektronicare.tests.RegisterTest</td>
<td></td>
<td>17</td>
<td>com.elektronicare.tests.RegisterTest@74f0ea28</td></tr>
<tr>
<td title='com.elektronicare.tests.LoginTest.testInvalidLogin()'><b>testInvalidLogin</b><br>Test class: com.elektronicare.tests.LoginTest<br>Test method: Test login with invalid credentials</td>
<td></td>
<td>13</td>
<td>com.elektronicare.tests.LoginTest@f6efaab</td></tr>
<tr>
<td title='com.elektronicare.tests.LoginTest.testValidLogin()'><b>testValidLogin</b><br>Test class: com.elektronicare.tests.LoginTest<br>Test method: Test login with valid credentials</td>
<td></td>
<td>58</td>
<td>com.elektronicare.tests.LoginTest@f6efaab</td></tr>
<tr>
<td title='com.elektronicare.tests.WelcomeTest.testNavigateToRegister()'><b>testNavigateToRegister</b><br>Test class: com.elektronicare.tests.WelcomeTest</td>
<td></td>
<td>4</td>
<td>com.elektronicare.tests.WelcomeTest@1283bb96</td></tr>
<tr>
<td title='com.elektronicare.tests.DashboardTest.testNavigationButtons()'><b>testNavigationButtons</b><br>Test class: com.elektronicare.tests.DashboardTest<br>Test method: Test navigation buttons</td>
<td></td>
<td>9</td>
<td>com.elektronicare.tests.DashboardTest@3c19aaa5</td></tr>
<tr>
<td title='com.elektronicare.tests.OnboardingTest.testOnboardingNavigation()'><b>testOnboardingNavigation</b><br>Test class: com.elektronicare.tests.OnboardingTest</td>
<td></td>
<td>9</td>
<td>com.elektronicare.tests.OnboardingTest@2b662a77</td></tr>
<tr>
<td title='com.elektronicare.tests.WelcomeTest.testWelcomePageDisplay()'><b>testWelcomePageDisplay</b><br>Test class: com.elektronicare.tests.WelcomeTest</td>
<td></td>
<td>6</td>
<td>com.elektronicare.tests.WelcomeTest@1283bb96</td></tr>
<tr>
<td title='com.elektronicare.tests.OnboardingTest.testOnboardingSkip()'><b>testOnboardingSkip</b><br>Test class: com.elektronicare.tests.OnboardingTest</td>
<td></td>
<td>1</td>
<td>com.elektronicare.tests.OnboardingTest@2b662a77</td></tr>
<tr>
<td title='com.elektronicare.tests.WelcomeTest.testNavigateToLogin()'><b>testNavigateToLogin</b><br>Test class: com.elektronicare.tests.WelcomeTest</td>
<td></td>
<td>42</td>
<td>com.elektronicare.tests.WelcomeTest@1283bb96</td></tr>
<tr>
<td title='com.elektronicare.tests.RegisterTest.testNavigateToLogin()'><b>testNavigateToLogin</b><br>Test class: com.elektronicare.tests.RegisterTest</td>
<td></td>
<td>9</td>
<td>com.elektronicare.tests.RegisterTest@74f0ea28</td></tr>
<tr>
<td title='com.elektronicare.tests.RegisterTest.testPasswordVisibilityToggle()'><b>testPasswordVisibilityToggle</b><br>Test class: com.elektronicare.tests.RegisterTest</td>
<td></td>
<td>8</td>
<td>com.elektronicare.tests.RegisterTest@74f0ea28</td></tr>
<tr>
<td title='com.elektronicare.tests.RegisterTest.testInvalidPhoneValidation()'><b>testInvalidPhoneValidation</b><br>Test class: com.elektronicare.tests.RegisterTest</td>
<td></td>
<td>12</td>
<td>com.elektronicare.tests.RegisterTest@74f0ea28</td></tr>
<tr>
<td title='com.elektronicare.tests.HistoryTest.testHistoryPageElements()'><b>testHistoryPageElements</b><br>Test class: com.elektronicare.tests.HistoryTest<br>Test method: Verify history page elements</td>
<td></td>
<td>7</td>
<td>com.elektronicare.tests.HistoryTest@3349e9bb</td></tr>
<tr>
<td title='com.elektronicare.tests.RegisterTest.testBackNavigation()'><b>testBackNavigation</b><br>Test class: com.elektronicare.tests.RegisterTest</td>
<td></td>
<td>5</td>
<td>com.elektronicare.tests.RegisterTest@74f0ea28</td></tr>
<tr>
<td title='com.elektronicare.tests.DashboardTest.testBottomNavigation()'><b>testBottomNavigation</b><br>Test class: com.elektronicare.tests.DashboardTest<br>Test method: Test bottom navigation</td>
<td></td>
<td>10</td>
<td>com.elektronicare.tests.DashboardTest@3c19aaa5</td></tr>
<tr>
<td title='com.elektronicare.tests.HistoryTest.testHistoryPageLoading()'><b>testHistoryPageLoading</b><br>Test class: com.elektronicare.tests.HistoryTest<br>Test method: Test history page loading</td>
<td></td>
<td>9</td>
<td>com.elektronicare.tests.HistoryTest@3349e9bb</td></tr>
</table><p>
<table width='100%' border='1' class='invocation-skipped'>
<tr><td colspan='4' align='center'><b>SKIPPED TESTS</b></td></tr>
<tr><td><b>Test method</b></td>
<td><b>Attribute(s)</b></td>
<td width="30%"><b>Exception</b></td>
<td width="10%"><b>Time (seconds)</b></td>
<td><b>Instance</b></td>
</tr>
<tr>
<td title='com.elektronicare.tests.LoginTest.testEmptyFieldsLogin()'><b>testEmptyFieldsLogin</b><br>Test class: com.elektronicare.tests.LoginTest<br>Test method: Test login with empty fields</td>
<td><div><pre>java.lang.RuntimeException: LoginTest setup failed: Login page not ready for testing
	at com.elektronicare.tests.LoginTest.setupLoginTest(LoginTest.java:93)
	at java.base/java.util.ArrayList.forEach(ArrayList.java:1511)
... Removed 35 stack frames</pre></div><a href='#' onClick='toggleBox("stack-trace1009755514", this, "Click to show all stack frames", "Click to hide stack frames")'>Click to show all stack frames</a>
<div class='stack-trace' id='stack-trace1009755514'><pre>java.lang.RuntimeException: LoginTest setup failed: Login page not ready for testing
	at com.elektronicare.tests.LoginTest.setupLoginTest(LoginTest.java:93)
	at java.base/jdk.internal.reflect.NativeMethodAccessorImpl.invoke0(Native Method)
	at java.base/jdk.internal.reflect.NativeMethodAccessorImpl.invoke(NativeMethodAccessorImpl.java:77)
	at java.base/jdk.internal.reflect.DelegatingMethodAccessorImpl.invoke(DelegatingMethodAccessorImpl.java:43)
	at java.base/java.lang.reflect.Method.invoke(Method.java:569)
	at org.testng.internal.invokers.MethodInvocationHelper.invokeMethod(MethodInvocationHelper.java:141)
	at org.testng.internal.invokers.MethodInvocationHelper.invokeMethodConsideringTimeout(MethodInvocationHelper.java:71)
	at org.testng.internal.invokers.ConfigInvoker.invokeConfigurationMethod(ConfigInvoker.java:400)
	at org.testng.internal.invokers.ConfigInvoker.invokeConfigurations(ConfigInvoker.java:333)
	at org.testng.internal.invokers.TestInvoker.runConfigMethods(TestInvoker.java:833)
	at org.testng.internal.invokers.TestInvoker.invokeMethod(TestInvoker.java:600)
	at org.testng.internal.invokers.TestInvoker.invokeTestMethod(TestInvoker.java:230)
	at org.testng.internal.invokers.MethodRunner.runInSequence(MethodRunner.java:63)
	at org.testng.internal.invokers.TestInvoker$MethodInvocationAgent.invoke(TestInvoker.java:992)
	at org.testng.internal.invokers.TestInvoker.invokeTestMethods(TestInvoker.java:203)
	at org.testng.internal.invokers.TestMethodWorker.invokeTestMethods(TestMethodWorker.java:154)
	at org.testng.internal.invokers.TestMethodWorker.run(TestMethodWorker.java:134)
	at java.base/java.util.ArrayList.forEach(ArrayList.java:1511)
	at org.testng.TestRunner.privateRun(TestRunner.java:739)
	at org.testng.TestRunner.run(TestRunner.java:614)
	at org.testng.SuiteRunner.runTest(SuiteRunner.java:421)
	at org.testng.SuiteRunner.runSequentially(SuiteRunner.java:413)
	at org.testng.SuiteRunner.privateRun(SuiteRunner.java:373)
	at org.testng.SuiteRunner.run(SuiteRunner.java:312)
	at org.testng.SuiteRunnerWorker.runSuite(SuiteRunnerWorker.java:52)
	at org.testng.SuiteRunnerWorker.run(SuiteRunnerWorker.java:95)
	at org.testng.TestNG.runSuitesSequentially(TestNG.java:1274)
	at org.testng.TestNG.runSuitesLocally(TestNG.java:1208)
	at org.testng.TestNG.runSuites(TestNG.java:1112)
	at org.testng.TestNG.run(TestNG.java:1079)
	at org.apache.maven.surefire.testng.TestNGExecutor.run(TestNGExecutor.java:308)
	at org.apache.maven.surefire.testng.TestNGXmlTestSuite.execute(TestNGXmlTestSuite.java:71)
	at org.apache.maven.surefire.testng.TestNGProvider.invoke(TestNGProvider.java:113)
	at org.apache.maven.surefire.booter.ForkedBooter.runSuitesInProcess(ForkedBooter.java:385)
	at org.apache.maven.surefire.booter.ForkedBooter.execute(ForkedBooter.java:162)
	at org.apache.maven.surefire.booter.ForkedBooter.run(ForkedBooter.java:507)
	at org.apache.maven.surefire.booter.ForkedBooter.main(ForkedBooter.java:495)
</pre></div></td>
<td>0</td>
<td>com.elektronicare.tests.LoginTest@f6efaab</td></tr>
<tr>
<td title='com.elektronicare.tests.LoginTest.testRegisterLink()'><b>testRegisterLink</b><br>Test class: com.elektronicare.tests.LoginTest<br>Test method: Test register link navigation</td>
<td><div><pre>java.lang.RuntimeException: LoginTest setup failed: Login page not ready for testing
	at com.elektronicare.tests.LoginTest.setupLoginTest(LoginTest.java:93)
	at java.base/java.util.ArrayList.forEach(ArrayList.java:1511)
... Removed 35 stack frames</pre></div><a href='#' onClick='toggleBox("stack-trace868165122", this, "Click to show all stack frames", "Click to hide stack frames")'>Click to show all stack frames</a>
<div class='stack-trace' id='stack-trace868165122'><pre>java.lang.RuntimeException: LoginTest setup failed: Login page not ready for testing
	at com.elektronicare.tests.LoginTest.setupLoginTest(LoginTest.java:93)
	at java.base/jdk.internal.reflect.NativeMethodAccessorImpl.invoke0(Native Method)
	at java.base/jdk.internal.reflect.NativeMethodAccessorImpl.invoke(NativeMethodAccessorImpl.java:77)
	at java.base/jdk.internal.reflect.DelegatingMethodAccessorImpl.invoke(DelegatingMethodAccessorImpl.java:43)
	at java.base/java.lang.reflect.Method.invoke(Method.java:569)
	at org.testng.internal.invokers.MethodInvocationHelper.invokeMethod(MethodInvocationHelper.java:141)
	at org.testng.internal.invokers.MethodInvocationHelper.invokeMethodConsideringTimeout(MethodInvocationHelper.java:71)
	at org.testng.internal.invokers.ConfigInvoker.invokeConfigurationMethod(ConfigInvoker.java:400)
	at org.testng.internal.invokers.ConfigInvoker.invokeConfigurations(ConfigInvoker.java:333)
	at org.testng.internal.invokers.TestInvoker.runConfigMethods(TestInvoker.java:833)
	at org.testng.internal.invokers.TestInvoker.invokeMethod(TestInvoker.java:600)
	at org.testng.internal.invokers.TestInvoker.invokeTestMethod(TestInvoker.java:230)
	at org.testng.internal.invokers.MethodRunner.runInSequence(MethodRunner.java:63)
	at org.testng.internal.invokers.TestInvoker$MethodInvocationAgent.invoke(TestInvoker.java:992)
	at org.testng.internal.invokers.TestInvoker.invokeTestMethods(TestInvoker.java:203)
	at org.testng.internal.invokers.TestMethodWorker.invokeTestMethods(TestMethodWorker.java:154)
	at org.testng.internal.invokers.TestMethodWorker.run(TestMethodWorker.java:134)
	at java.base/java.util.ArrayList.forEach(ArrayList.java:1511)
	at org.testng.TestRunner.privateRun(TestRunner.java:739)
	at org.testng.TestRunner.run(TestRunner.java:614)
	at org.testng.SuiteRunner.runTest(SuiteRunner.java:421)
	at org.testng.SuiteRunner.runSequentially(SuiteRunner.java:413)
	at org.testng.SuiteRunner.privateRun(SuiteRunner.java:373)
	at org.testng.SuiteRunner.run(SuiteRunner.java:312)
	at org.testng.SuiteRunnerWorker.runSuite(SuiteRunnerWorker.java:52)
	at org.testng.SuiteRunnerWorker.run(SuiteRunnerWorker.java:95)
	at org.testng.TestNG.runSuitesSequentially(TestNG.java:1274)
	at org.testng.TestNG.runSuitesLocally(TestNG.java:1208)
	at org.testng.TestNG.runSuites(TestNG.java:1112)
	at org.testng.TestNG.run(TestNG.java:1079)
	at org.apache.maven.surefire.testng.TestNGExecutor.run(TestNGExecutor.java:308)
	at org.apache.maven.surefire.testng.TestNGXmlTestSuite.execute(TestNGXmlTestSuite.java:71)
	at org.apache.maven.surefire.testng.TestNGProvider.invoke(TestNGProvider.java:113)
	at org.apache.maven.surefire.booter.ForkedBooter.runSuitesInProcess(ForkedBooter.java:385)
	at org.apache.maven.surefire.booter.ForkedBooter.execute(ForkedBooter.java:162)
	at org.apache.maven.surefire.booter.ForkedBooter.run(ForkedBooter.java:507)
	at org.apache.maven.surefire.booter.ForkedBooter.main(ForkedBooter.java:495)
</pre></div></td>
<td>0</td>
<td>com.elektronicare.tests.LoginTest@f6efaab</td></tr>
<tr>
<td title='com.elektronicare.tests.LoginTest.testGoogleSignIn()'><b>testGoogleSignIn</b><br>Test class: com.elektronicare.tests.LoginTest<br>Test method: Test Google Sign In button</td>
<td><div><pre>java.lang.RuntimeException: LoginTest setup failed: Login page not ready for testing
	at com.elektronicare.tests.LoginTest.setupLoginTest(LoginTest.java:93)
	at java.base/java.util.ArrayList.forEach(ArrayList.java:1511)
... Removed 35 stack frames</pre></div><a href='#' onClick='toggleBox("stack-trace49731785", this, "Click to show all stack frames", "Click to hide stack frames")'>Click to show all stack frames</a>
<div class='stack-trace' id='stack-trace49731785'><pre>java.lang.RuntimeException: LoginTest setup failed: Login page not ready for testing
	at com.elektronicare.tests.LoginTest.setupLoginTest(LoginTest.java:93)
	at java.base/jdk.internal.reflect.NativeMethodAccessorImpl.invoke0(Native Method)
	at java.base/jdk.internal.reflect.NativeMethodAccessorImpl.invoke(NativeMethodAccessorImpl.java:77)
	at java.base/jdk.internal.reflect.DelegatingMethodAccessorImpl.invoke(DelegatingMethodAccessorImpl.java:43)
	at java.base/java.lang.reflect.Method.invoke(Method.java:569)
	at org.testng.internal.invokers.MethodInvocationHelper.invokeMethod(MethodInvocationHelper.java:141)
	at org.testng.internal.invokers.MethodInvocationHelper.invokeMethodConsideringTimeout(MethodInvocationHelper.java:71)
	at org.testng.internal.invokers.ConfigInvoker.invokeConfigurationMethod(ConfigInvoker.java:400)
	at org.testng.internal.invokers.ConfigInvoker.invokeConfigurations(ConfigInvoker.java:333)
	at org.testng.internal.invokers.TestInvoker.runConfigMethods(TestInvoker.java:833)
	at org.testng.internal.invokers.TestInvoker.invokeMethod(TestInvoker.java:600)
	at org.testng.internal.invokers.TestInvoker.invokeTestMethod(TestInvoker.java:230)
	at org.testng.internal.invokers.MethodRunner.runInSequence(MethodRunner.java:63)
	at org.testng.internal.invokers.TestInvoker$MethodInvocationAgent.invoke(TestInvoker.java:992)
	at org.testng.internal.invokers.TestInvoker.invokeTestMethods(TestInvoker.java:203)
	at org.testng.internal.invokers.TestMethodWorker.invokeTestMethods(TestMethodWorker.java:154)
	at org.testng.internal.invokers.TestMethodWorker.run(TestMethodWorker.java:134)
	at java.base/java.util.ArrayList.forEach(ArrayList.java:1511)
	at org.testng.TestRunner.privateRun(TestRunner.java:739)
	at org.testng.TestRunner.run(TestRunner.java:614)
	at org.testng.SuiteRunner.runTest(SuiteRunner.java:421)
	at org.testng.SuiteRunner.runSequentially(SuiteRunner.java:413)
	at org.testng.SuiteRunner.privateRun(SuiteRunner.java:373)
	at org.testng.SuiteRunner.run(SuiteRunner.java:312)
	at org.testng.SuiteRunnerWorker.runSuite(SuiteRunnerWorker.java:52)
	at org.testng.SuiteRunnerWorker.run(SuiteRunnerWorker.java:95)
	at org.testng.TestNG.runSuitesSequentially(TestNG.java:1274)
	at org.testng.TestNG.runSuitesLocally(TestNG.java:1208)
	at org.testng.TestNG.runSuites(TestNG.java:1112)
	at org.testng.TestNG.run(TestNG.java:1079)
	at org.apache.maven.surefire.testng.TestNGExecutor.run(TestNGExecutor.java:308)
	at org.apache.maven.surefire.testng.TestNGXmlTestSuite.execute(TestNGXmlTestSuite.java:71)
	at org.apache.maven.surefire.testng.TestNGProvider.invoke(TestNGProvider.java:113)
	at org.apache.maven.surefire.booter.ForkedBooter.runSuitesInProcess(ForkedBooter.java:385)
	at org.apache.maven.surefire.booter.ForkedBooter.execute(ForkedBooter.java:162)
	at org.apache.maven.surefire.booter.ForkedBooter.run(ForkedBooter.java:507)
	at org.apache.maven.surefire.booter.ForkedBooter.main(ForkedBooter.java:495)
</pre></div></td>
<td>0</td>
<td>com.elektronicare.tests.LoginTest@f6efaab</td></tr>
</table><p>
</body>
</html>