<?xml version="1.0" encoding="UTF-8"?>
<!-- Generated by org.testng.reporters.JUnitXMLReporter -->
<testsuite ignored="5" hostname="neonnex" failures="3" tests="3" name="Functional Tests" time="0.003" errors="0" timestamp="2025-06-02T13:17:39 WIB">
  <testcase classname="com.elektronicare.tests.LoginTest" name="testValidLogin" time="0.0">
    <failure type="java.lang.AssertionError" message="Driver should not be null expected object to not be null">
      <![CDATA[java.lang.AssertionError: Driver should not be null expected object to not be null
at com.elektronicare.tests.LoginTest.testValidLogin(LoginTest.java:118)
at java.base/java.util.ArrayList.forEach(ArrayList.java:1511)
... Removed 33 stack frames]]>
    </failure>
  </testcase> <!-- testValidLogin -->
  <testcase classname="com.elektronicare.tests.LoginTest" name="testInvalidLogin" time="0.0">
    <failure type="java.lang.AssertionError" message="Driver should not be null expected object to not be null">
      <![CDATA[java.lang.AssertionError: Driver should not be null expected object to not be null
at com.elektronicare.tests.LoginTest.testInvalidLogin(LoginTest.java:166)
at java.base/java.util.ArrayList.forEach(ArrayList.java:1511)
... Removed 33 stack frames]]>
    </failure>
  </testcase> <!-- testInvalidLogin -->
  <testcase classname="com.elektronicare.tests.LoginTest" name="testEmptyFieldsLogin" time="0.0">
    <failure type="java.lang.AssertionError" message="Driver should not be null expected object to not be null">
      <![CDATA[java.lang.AssertionError: Driver should not be null expected object to not be null
at com.elektronicare.tests.LoginTest.testEmptyFieldsLogin(LoginTest.java:203)
at java.base/java.util.ArrayList.forEach(ArrayList.java:1511)
... Removed 33 stack frames]]>
    </failure>
  </testcase> <!-- testEmptyFieldsLogin -->
  <testcase classname="com.elektronicare.tests.LoginTest" name="testGoogleSignIn" time="0.0">
    <ignored/>
  </testcase> <!-- testGoogleSignIn -->
  <testcase classname="com.elektronicare.tests.LoginTest" name="testRegisterLink" time="0.0">
    <ignored/>
  </testcase> <!-- testRegisterLink -->
  <testcase classname="com.elektronicare.tests.HistoryTest" name="testHistoryDataValidation" time="0.0">
    <ignored/>
  </testcase> <!-- testHistoryDataValidation -->
  <testcase classname="com.elektronicare.tests.HistoryTest" name="testHistoryPageLoading" time="0.0">
    <ignored/>
  </testcase> <!-- testHistoryPageLoading -->
  <testcase classname="com.elektronicare.tests.HistoryTest" name="testHistoryPageElements" time="0.0">
    <ignored/>
  </testcase> <!-- testHistoryPageElements -->
</testsuite> <!-- Functional Tests -->
