<?xml version="1.0" encoding="UTF-8"?>
<!-- Generated by org.testng.reporters.JUnitXMLReporter -->
<testsuite ignored="18" hostname="neonnex" failures="1" tests="1" name="UI Tests" time="0.002" errors="0" timestamp="2025-05-31T23:06:24 WIB">
  <testcase classname="com.elektronicare.tests.OnboardingTest" name="testOnboardingPageDisplay" time="0.0">
    <failure type="java.lang.AssertionError" message="Onboarding page should be displayed expected [true] but found [false]">
      <![CDATA[java.lang.AssertionError: Onboarding page should be displayed expected [true] but found [false]
at com.elektronicare.tests.OnboardingTest.testOnboardingPageDisplay(OnboardingTest.java:19)
at java.base/java.util.ArrayList.forEach(ArrayList.java:1511)
... Removed 34 stack frames]]>
    </failure>
  </testcase> <!-- testOnboardingPageDisplay -->
  <testcase classname="com.elektronicare.tests.DashboardTest" name="testDashboardElements" time="0.0">
    <ignored/>
  </testcase> <!-- testDashboardElements -->
  <testcase classname="com.elektronicare.tests.LoginTest" name="testRegisterLink" time="0.0">
    <ignored/>
  </testcase> <!-- testRegisterLink -->
  <testcase classname="com.elektronicare.tests.DashboardTest" name="testNavigationButtons" time="0.0">
    <ignored/>
  </testcase> <!-- testNavigationButtons -->
  <testcase classname="com.elektronicare.tests.LoginTest" name="testEmptyFieldsLogin" time="0.0">
    <ignored/>
  </testcase> <!-- testEmptyFieldsLogin -->
  <testcase classname="com.elektronicare.tests.OnboardingTest" name="testOnboardingSkip" time="0.0">
    <ignored/>
  </testcase> <!-- testOnboardingSkip -->
  <testcase classname="com.elektronicare.tests.LoginTest" name="testGoogleSignIn" time="0.0">
    <ignored/>
  </testcase> <!-- testGoogleSignIn -->
  <testcase classname="com.elektronicare.tests.HistoryTest" name="testBackButton" time="0.0">
    <ignored/>
  </testcase> <!-- testBackButton -->
  <testcase classname="com.elektronicare.tests.LoginTest" name="testValidLogin" time="0.0">
    <ignored/>
  </testcase> <!-- testValidLogin -->
  <testcase classname="com.elektronicare.tests.HistoryTest" name="testHistoryItemInteraction" time="0.0">
    <ignored/>
  </testcase> <!-- testHistoryItemInteraction -->
  <testcase classname="com.elektronicare.tests.LoginTest" name="testInvalidLogin" time="0.0">
    <ignored/>
  </testcase> <!-- testInvalidLogin -->
  <testcase classname="com.elektronicare.tests.OnboardingTest" name="testOnboardingNavigation" time="0.0">
    <ignored/>
  </testcase> <!-- testOnboardingNavigation -->
  <testcase classname="com.elektronicare.tests.HistoryTest" name="testHistoryPageElements" time="0.0">
    <ignored/>
  </testcase> <!-- testHistoryPageElements -->
  <testcase classname="com.elektronicare.tests.LoginTest" name="testLoginPageElements" time="0.0">
    <ignored/>
  </testcase> <!-- testLoginPageElements -->
  <testcase classname="com.elektronicare.tests.HistoryTest" name="testHistoryDataValidation" time="0.0">
    <ignored/>
  </testcase> <!-- testHistoryDataValidation -->
  <testcase classname="com.elektronicare.tests.HistoryTest" name="testHistoryPageLoading" time="0.0">
    <ignored/>
  </testcase> <!-- testHistoryPageLoading -->
  <testcase classname="com.elektronicare.tests.DashboardTest" name="testBottomNavigation" time="0.0">
    <ignored/>
  </testcase> <!-- testBottomNavigation -->
  <testcase classname="com.elektronicare.tests.OnboardingTest" name="testOnboardingComplete" time="0.0">
    <ignored/>
  </testcase> <!-- testOnboardingComplete -->
  <testcase classname="com.elektronicare.tests.HistoryTest" name="testNavigationFunctionality" time="0.0">
    <ignored/>
  </testcase> <!-- testNavigationFunctionality -->
</testsuite> <!-- UI Tests -->
