<!DOCTYPE html PUBLIC "-//W3C//DTD XHTML 1.1//EN" "https://www.w3.org/TR/xhtml11/DTD/xhtml11.dtd">
<html xmlns="https://www.w3.org/1999/xhtml">
<head>
<meta http-equiv="content-type" content="text/html; charset=UTF-8"/>
<title>TestNG Report</title>
<style type="text/css">table {margin-bottom:10px;border-collapse:collapse;empty-cells:show}th,td {border:1px solid #009;padding:.25em .5em}th {vertical-align:bottom}td {vertical-align:top}table a {font-weight:bold}.stripe td {background-color: #E6EBF9}.num {text-align:right}.passedodd td {background-color: #3F3}.passedeven td {background-color: #0A0}.skippedodd td {background-color: #DDD}.skippedeven td {background-color: #CCC}.failedodd td,.attn {background-color: #F33}.failedeven td,.stripe .attn {background-color: #D00}.stacktrace {white-space:pre;font-family:monospace}.totop {font-size:85%;text-align:center;border-bottom:2px solid #000}.invisible {display:none}</style>
</head>
<body>
<table>
<tr><th>Test</th><th># Passed</th><th># Skipped</th><th># Retried</th><th># Failed</th><th>Time (ms)</th><th>Included Groups</th><th>Excluded Groups</th></tr>
<tr><th colspan="8">ElektroniCare Mobile App Test Suite</th></tr>
<tr><td><a href="#t0">Smoke Tests</a></td><td class="num">0</td><td class="num">0</td><td class="num">0</td><td class="num">0</td><td class="num">7</td><td>smoke</td><td></td></tr>
<tr class="stripe"><td><a href="#t1">Full Regression Tests</a></td><td class="num">26</td><td class="num attn">3</td><td class="num">0</td><td class="num">0</td><td class="num">914,326</td><td></td><td></td></tr>
<tr><td><a href="#t2">UI Tests</a></td><td class="num">0</td><td class="num">0</td><td class="num">0</td><td class="num">0</td><td class="num">0</td><td>ui</td><td></td></tr>
<tr class="stripe"><td><a href="#t3">Functional Tests</a></td><td class="num">0</td><td class="num">0</td><td class="num">0</td><td class="num attn">3</td><td class="num">3</td><td>functional</td><td></td></tr>
<tr><td><a href="#t4">Navigation Tests</a></td><td class="num">2</td><td class="num">0</td><td class="num">0</td><td class="num">0</td><td class="num">4,005</td><td>navigation</td><td></td></tr>
<tr><th>Total</th><th class="num">28</th><th class="num attn">3</th><th class="num">0</th><th class="num attn">3</th><th class="num">918,341</th><th colspan="2"></th></tr>
</table>
<table id='summary'><thead><tr><th>Class</th><th>Method</th><th>Start</th><th>Time (ms)</th></tr></thead><tbody><tr><th colspan="4">ElektroniCare Mobile App Test Suite</th></tr></tbody><tbody id="t0"><tr><th colspan="4" class="invisible"/></tr></tbody>
<tbody id="t1"><tr><th colspan="4">Full Regression Tests &#8212; failed (configuration methods)</th></tr><tr class="failedeven"><td rowspan="1">com.elektronicare.tests.LoginTest</td><td><a href="#m0">setupLoginTest</a></td><td rowspan="1">1748844665562</td><td rowspan="1">216180</td></tr><tr><th colspan="4">Full Regression Tests &#8212; skipped (configuration methods)</th></tr><tr class="skippedeven"><td rowspan="7">com.elektronicare.tests.LoginTest</td><td><a href="#m1">afterMethod</a></td><td rowspan="3">1748844881746</td><td rowspan="3">0</td></tr><tr class="skippedeven"><td><a href="#m2">afterMethod</a></td></tr><tr class="skippedeven"><td><a href="#m3">afterMethod</a></td></tr><tr class="skippedeven"><td><a href="#m4">beforeMethod</a></td><td rowspan="2">1748844881745</td><td rowspan="2">0</td></tr><tr class="skippedeven"><td><a href="#m5">beforeMethod</a></td></tr><tr class="skippedeven"><td><a href="#m6">setupLoginTest</a></td><td rowspan="2">1748844881745</td><td rowspan="2">0</td></tr><tr class="skippedeven"><td><a href="#m7">setupLoginTest</a></td></tr><tr><th colspan="4">Full Regression Tests &#8212; skipped</th></tr><tr class="skippedeven"><td rowspan="3">com.elektronicare.tests.LoginTest</td><td><a href="#m8">testEmptyFieldsLogin</a></td><td rowspan="1">1748844881744</td><td rowspan="1">0</td></tr><tr class="skippedeven"><td><a href="#m9">testGoogleSignIn</a></td><td rowspan="1">1748844881746</td><td rowspan="1">0</td></tr><tr class="skippedeven"><td><a href="#m10">testRegisterLink</a></td><td rowspan="1">1748844881746</td><td rowspan="1">0</td></tr><tr><th colspan="4">Full Regression Tests &#8212; passed</th></tr><tr class="passedeven"><td rowspan="2">com.elektronicare.tests.DashboardTest</td><td><a href="#m11">testBottomNavigation</a></td><td rowspan="1">1748844941188</td><td rowspan="1">10615</td></tr><tr class="passedeven"><td><a href="#m12">testNavigationButtons</a></td><td rowspan="1">1748844906995</td><td rowspan="1">9278</td></tr><tr class="passedodd"><td rowspan="3">com.elektronicare.tests.HistoryTest</td><td><a href="#m13">testHistoryDataValidation</a></td><td rowspan="1">1748845051855</td><td rowspan="1">6705</td></tr><tr class="passedodd"><td><a href="#m14">testHistoryPageElements</a></td><td rowspan="1">1748844979905</td><td rowspan="1">7714</td></tr><tr class="passedodd"><td><a href="#m15">testHistoryPageLoading</a></td><td rowspan="1">1748845014547</td><td rowspan="1">9525</td></tr><tr class="passedeven"><td rowspan="2">com.elektronicare.tests.LoginTest</td><td><a href="#m16">testInvalidLogin</a></td><td rowspan="1">1748844642411</td><td rowspan="1">13431</td></tr><tr class="passedeven"><td><a href="#m17">testValidLogin</a></td><td rowspan="1">1748844563620</td><td rowspan="1">58353</td></tr><tr class="passedodd"><td rowspan="3">com.elektronicare.tests.OnboardingTest</td><td><a href="#m18">testOnboardingComplete</a></td><td rowspan="1">1748844187750</td><td rowspan="1">3419</td></tr><tr class="passedodd"><td><a href="#m19">testOnboardingNavigation</a></td><td rowspan="1">1748844156407</td><td rowspan="1">9856</td></tr><tr class="passedodd"><td><a href="#m20">testOnboardingSkip</a></td><td rowspan="1">1748844176090</td><td rowspan="1">1286</td></tr><tr class="passedeven"><td rowspan="11">com.elektronicare.tests.RegisterTest</td><td><a href="#m21">testBackNavigation</a></td><td rowspan="1">1748844496847</td><td rowspan="1">5931</td></tr><tr class="passedeven"><td><a href="#m22">testGoogleSignInButton</a></td><td rowspan="1">1748844512690</td><td rowspan="1">5954</td></tr><tr class="passedeven"><td><a href="#m23">testInvalidEmailValidation</a></td><td rowspan="1">1748844356442</td><td rowspan="1">17807</td></tr><tr class="passedeven"><td><a href="#m24">testInvalidPhoneValidation</a></td><td rowspan="1">1748844383938</td><td rowspan="1">12637</td></tr><tr class="passedeven"><td><a href="#m25">testNavigateToLogin</a></td><td rowspan="1">1748844477110</td><td rowspan="1">9920</td></tr><tr class="passedeven"><td><a href="#m26">testPasswordVisibilityToggle</a></td><td rowspan="1">1748844429469</td><td rowspan="1">8597</td></tr><tr class="passedeven"><td><a href="#m27">testPhoneNumberFormatting</a></td><td rowspan="1">1748844528827</td><td rowspan="1">6925</td></tr><tr class="passedeven"><td><a href="#m28">testRegisterPageDisplay</a></td><td rowspan="1">1748844310606</td><td rowspan="1">12140</td></tr><tr class="passedeven"><td><a href="#m29">testRegisterValidation</a></td><td rowspan="1">1748844332688</td><td rowspan="1">12971</td></tr><tr class="passedeven"><td><a href="#m30">testShortPasswordValidation</a></td><td rowspan="1">1748844406157</td><td rowspan="1">13676</td></tr><tr class="passedeven"><td><a href="#m31">testValidRegistration</a></td><td rowspan="1">1748844447852</td><td rowspan="1">19369</td></tr><tr class="passedodd"><td rowspan="5">com.elektronicare.tests.WelcomeTest</td><td><a href="#m32">testNavigateToLogin</a></td><td rowspan="1">1748844245372</td><td rowspan="1">42326</td></tr><tr class="passedodd"><td><a href="#m33">testNavigateToRegister</a></td><td rowspan="1">1748844231027</td><td rowspan="1">4740</td></tr><tr class="passedodd"><td><a href="#m34">testWelcomePageBranding</a></td><td rowspan="1">1748844297436</td><td rowspan="1">3534</td></tr><tr class="passedodd"><td><a href="#m35">testWelcomePageDisplay</a></td><td rowspan="1">1748844200934</td><td rowspan="1">6818</td></tr><tr class="passedodd"><td><a href="#m36">testWelcomePageElements</a></td><td rowspan="1">1748844217538</td><td rowspan="1">3700</td></tr></tbody>
<tbody id="t2"><tr><th colspan="4" class="invisible"/></tr></tbody>
<tbody id="t3"><tr><th colspan="4">Functional Tests &#8212; failed</th></tr><tr class="failedeven"><td rowspan="3">com.elektronicare.tests.LoginTest</td><td><a href="#m37">testEmptyFieldsLogin</a></td><td rowspan="1">1748845059035</td><td rowspan="1">0</td></tr><tr class="failedeven"><td><a href="#m38">testInvalidLogin</a></td><td rowspan="1">1748845059034</td><td rowspan="1">0</td></tr><tr class="failedeven"><td><a href="#m39">testValidLogin</a></td><td rowspan="1">1748845059033</td><td rowspan="1">0</td></tr></tbody>
<tbody id="t4"><tr><th colspan="4">Navigation Tests &#8212; passed</th></tr><tr class="passedeven"><td rowspan="2">com.elektronicare.tests.DashboardTest</td><td><a href="#m40">testBottomNavigation</a></td><td rowspan="1">1748845061047</td><td rowspan="1">2000</td></tr><tr class="passedeven"><td><a href="#m41">testNavigationButtons</a></td><td rowspan="1">1748845059043</td><td rowspan="1">2003</td></tr></tbody>
</table>
<h2>Smoke Tests</h2><h2>Full Regression Tests</h2><h3 id="m0">com.elektronicare.tests.LoginTest#setupLoginTest</h3><table class="result"><tr><th>Exception</th></tr><tr><td><div class="stacktrace">java.lang.RuntimeException: LoginTest setup failed: Login page not ready for testing
	at com.elektronicare.tests.LoginTest.setupLoginTest(LoginTest.java:93)
	at java.base/java.util.ArrayList.forEach(ArrayList.java:1511)
... Removed 35 stack frames</div></td></tr></table><p class="totop"><a href="#summary">back to summary</a></p>
<h3 id="m1">com.elektronicare.tests.LoginTest#afterMethod</h3><table class="result"><tr><th class="invisible"/></tr></table><p class="totop"><a href="#summary">back to summary</a></p>
<h3 id="m2">com.elektronicare.tests.LoginTest#afterMethod</h3><table class="result"><tr><th class="invisible"/></tr></table><p class="totop"><a href="#summary">back to summary</a></p>
<h3 id="m3">com.elektronicare.tests.LoginTest#afterMethod</h3><table class="result"><tr><th class="invisible"/></tr></table><p class="totop"><a href="#summary">back to summary</a></p>
<h3 id="m4">com.elektronicare.tests.LoginTest#beforeMethod</h3><table class="result"><tr><th class="invisible"/></tr></table><p class="totop"><a href="#summary">back to summary</a></p>
<h3 id="m5">com.elektronicare.tests.LoginTest#beforeMethod</h3><table class="result"><tr><th class="invisible"/></tr></table><p class="totop"><a href="#summary">back to summary</a></p>
<h3 id="m6">com.elektronicare.tests.LoginTest#setupLoginTest</h3><table class="result"><tr><th class="invisible"/></tr></table><p class="totop"><a href="#summary">back to summary</a></p>
<h3 id="m7">com.elektronicare.tests.LoginTest#setupLoginTest</h3><table class="result"><tr><th class="invisible"/></tr></table><p class="totop"><a href="#summary">back to summary</a></p>
<h3 id="m8">com.elektronicare.tests.LoginTest#testEmptyFieldsLogin</h3><table class="result"><tr><th>Exception</th></tr><tr><td><div class="stacktrace">java.lang.RuntimeException: LoginTest setup failed: Login page not ready for testing
	at com.elektronicare.tests.LoginTest.setupLoginTest(LoginTest.java:93)
	at java.base/java.util.ArrayList.forEach(ArrayList.java:1511)
... Removed 35 stack frames</div></td></tr></table><p class="totop"><a href="#summary">back to summary</a></p>
<h3 id="m9">com.elektronicare.tests.LoginTest#testGoogleSignIn</h3><table class="result"><tr><th>Exception</th></tr><tr><td><div class="stacktrace">java.lang.RuntimeException: LoginTest setup failed: Login page not ready for testing
	at com.elektronicare.tests.LoginTest.setupLoginTest(LoginTest.java:93)
	at java.base/java.util.ArrayList.forEach(ArrayList.java:1511)
... Removed 35 stack frames</div></td></tr></table><p class="totop"><a href="#summary">back to summary</a></p>
<h3 id="m10">com.elektronicare.tests.LoginTest#testRegisterLink</h3><table class="result"><tr><th>Exception</th></tr><tr><td><div class="stacktrace">java.lang.RuntimeException: LoginTest setup failed: Login page not ready for testing
	at com.elektronicare.tests.LoginTest.setupLoginTest(LoginTest.java:93)
	at java.base/java.util.ArrayList.forEach(ArrayList.java:1511)
... Removed 35 stack frames</div></td></tr></table><p class="totop"><a href="#summary">back to summary</a></p>
<h3 id="m11">com.elektronicare.tests.DashboardTest#testBottomNavigation</h3><table class="result"><tr><th class="invisible"/></tr></table><p class="totop"><a href="#summary">back to summary</a></p>
<h3 id="m12">com.elektronicare.tests.DashboardTest#testNavigationButtons</h3><table class="result"><tr><th class="invisible"/></tr></table><p class="totop"><a href="#summary">back to summary</a></p>
<h3 id="m13">com.elektronicare.tests.HistoryTest#testHistoryDataValidation</h3><table class="result"><tr><th class="invisible"/></tr></table><p class="totop"><a href="#summary">back to summary</a></p>
<h3 id="m14">com.elektronicare.tests.HistoryTest#testHistoryPageElements</h3><table class="result"><tr><th class="invisible"/></tr></table><p class="totop"><a href="#summary">back to summary</a></p>
<h3 id="m15">com.elektronicare.tests.HistoryTest#testHistoryPageLoading</h3><table class="result"><tr><th class="invisible"/></tr></table><p class="totop"><a href="#summary">back to summary</a></p>
<h3 id="m16">com.elektronicare.tests.LoginTest#testInvalidLogin</h3><table class="result"><tr><th class="invisible"/></tr></table><p class="totop"><a href="#summary">back to summary</a></p>
<h3 id="m17">com.elektronicare.tests.LoginTest#testValidLogin</h3><table class="result"><tr><th class="invisible"/></tr></table><p class="totop"><a href="#summary">back to summary</a></p>
<h3 id="m18">com.elektronicare.tests.OnboardingTest#testOnboardingComplete</h3><table class="result"><tr><th class="invisible"/></tr></table><p class="totop"><a href="#summary">back to summary</a></p>
<h3 id="m19">com.elektronicare.tests.OnboardingTest#testOnboardingNavigation</h3><table class="result"><tr><th class="invisible"/></tr></table><p class="totop"><a href="#summary">back to summary</a></p>
<h3 id="m20">com.elektronicare.tests.OnboardingTest#testOnboardingSkip</h3><table class="result"><tr><th class="invisible"/></tr></table><p class="totop"><a href="#summary">back to summary</a></p>
<h3 id="m21">com.elektronicare.tests.RegisterTest#testBackNavigation</h3><table class="result"><tr><th class="invisible"/></tr></table><p class="totop"><a href="#summary">back to summary</a></p>
<h3 id="m22">com.elektronicare.tests.RegisterTest#testGoogleSignInButton</h3><table class="result"><tr><th class="invisible"/></tr></table><p class="totop"><a href="#summary">back to summary</a></p>
<h3 id="m23">com.elektronicare.tests.RegisterTest#testInvalidEmailValidation</h3><table class="result"><tr><th class="invisible"/></tr></table><p class="totop"><a href="#summary">back to summary</a></p>
<h3 id="m24">com.elektronicare.tests.RegisterTest#testInvalidPhoneValidation</h3><table class="result"><tr><th class="invisible"/></tr></table><p class="totop"><a href="#summary">back to summary</a></p>
<h3 id="m25">com.elektronicare.tests.RegisterTest#testNavigateToLogin</h3><table class="result"><tr><th class="invisible"/></tr></table><p class="totop"><a href="#summary">back to summary</a></p>
<h3 id="m26">com.elektronicare.tests.RegisterTest#testPasswordVisibilityToggle</h3><table class="result"><tr><th class="invisible"/></tr></table><p class="totop"><a href="#summary">back to summary</a></p>
<h3 id="m27">com.elektronicare.tests.RegisterTest#testPhoneNumberFormatting</h3><table class="result"><tr><th class="invisible"/></tr></table><p class="totop"><a href="#summary">back to summary</a></p>
<h3 id="m28">com.elektronicare.tests.RegisterTest#testRegisterPageDisplay</h3><table class="result"><tr><th class="invisible"/></tr></table><p class="totop"><a href="#summary">back to summary</a></p>
<h3 id="m29">com.elektronicare.tests.RegisterTest#testRegisterValidation</h3><table class="result"><tr><th class="invisible"/></tr></table><p class="totop"><a href="#summary">back to summary</a></p>
<h3 id="m30">com.elektronicare.tests.RegisterTest#testShortPasswordValidation</h3><table class="result"><tr><th class="invisible"/></tr></table><p class="totop"><a href="#summary">back to summary</a></p>
<h3 id="m31">com.elektronicare.tests.RegisterTest#testValidRegistration</h3><table class="result"><tr><th class="invisible"/></tr></table><p class="totop"><a href="#summary">back to summary</a></p>
<h3 id="m32">com.elektronicare.tests.WelcomeTest#testNavigateToLogin</h3><table class="result"><tr><th class="invisible"/></tr></table><p class="totop"><a href="#summary">back to summary</a></p>
<h3 id="m33">com.elektronicare.tests.WelcomeTest#testNavigateToRegister</h3><table class="result"><tr><th class="invisible"/></tr></table><p class="totop"><a href="#summary">back to summary</a></p>
<h3 id="m34">com.elektronicare.tests.WelcomeTest#testWelcomePageBranding</h3><table class="result"><tr><th class="invisible"/></tr></table><p class="totop"><a href="#summary">back to summary</a></p>
<h3 id="m35">com.elektronicare.tests.WelcomeTest#testWelcomePageDisplay</h3><table class="result"><tr><th class="invisible"/></tr></table><p class="totop"><a href="#summary">back to summary</a></p>
<h3 id="m36">com.elektronicare.tests.WelcomeTest#testWelcomePageElements</h3><table class="result"><tr><th class="invisible"/></tr></table><p class="totop"><a href="#summary">back to summary</a></p>
<h2>UI Tests</h2><h2>Functional Tests</h2><h3 id="m37">com.elektronicare.tests.LoginTest#testEmptyFieldsLogin</h3><table class="result"><tr><th>Exception</th></tr><tr><td><div class="stacktrace">java.lang.AssertionError: Driver should not be null expected object to not be null
	at com.elektronicare.tests.LoginTest.testEmptyFieldsLogin(LoginTest.java:203)
	at java.base/java.util.ArrayList.forEach(ArrayList.java:1511)
... Removed 33 stack frames</div></td></tr></table><p class="totop"><a href="#summary">back to summary</a></p>
<h3 id="m38">com.elektronicare.tests.LoginTest#testInvalidLogin</h3><table class="result"><tr><th>Exception</th></tr><tr><td><div class="stacktrace">java.lang.AssertionError: Driver should not be null expected object to not be null
	at com.elektronicare.tests.LoginTest.testInvalidLogin(LoginTest.java:166)
	at java.base/java.util.ArrayList.forEach(ArrayList.java:1511)
... Removed 33 stack frames</div></td></tr></table><p class="totop"><a href="#summary">back to summary</a></p>
<h3 id="m39">com.elektronicare.tests.LoginTest#testValidLogin</h3><table class="result"><tr><th>Exception</th></tr><tr><td><div class="stacktrace">java.lang.AssertionError: Driver should not be null expected object to not be null
	at com.elektronicare.tests.LoginTest.testValidLogin(LoginTest.java:118)
	at java.base/java.util.ArrayList.forEach(ArrayList.java:1511)
... Removed 33 stack frames</div></td></tr></table><p class="totop"><a href="#summary">back to summary</a></p>
<h2>Navigation Tests</h2><h3 id="m40">com.elektronicare.tests.DashboardTest#testBottomNavigation</h3><table class="result"><tr><th class="invisible"/></tr></table><p class="totop"><a href="#summary">back to summary</a></p>
<h3 id="m41">com.elektronicare.tests.DashboardTest#testNavigationButtons</h3><table class="result"><tr><th class="invisible"/></tr></table><p class="totop"><a href="#summary">back to summary</a></p>
</body>
</html>
